<?xml version="1.0" encoding="UTF-8"?>
<!-- Generated by org.testng.reporters.JUnitReportReporter -->
<testsuite hostname="TEST05" name="zolota.Dou" tests="1" failures="0" timestamp="3 Nov 2015 11:43:22 GMT" time="17.167" errors="0">
  <testcase name="testUntitled2" time="17.167" classname="zolota.Dou"/>
</testsuite> <!-- zolota.Dou -->
