<?xml version="1.0" encoding="UTF-8"?>
<!-- Generated by org.testng.reporters.JUnitReportReporter -->
<testsuite hostname="TEST05" name="zolota.Dou" tests="1" failures="0" timestamp="3 Nov 2015 11:48:48 GMT" time="10.989" errors="0">
  <testcase name="testUntitled2" time="10.989" classname="zolota.Dou"/>
</testsuite> <!-- zolota.Dou -->
